<?xml version="1.0" encoding="UTF-8"?>
<!-- Generated by org.testng.reporters.JUnitReportReporter -->
<testsuite hostname="AliAzferFamily" failures="0" tests="2" name="com.test.MultiFiles" time="6.272" errors="0" timestamp="2025-08-11T11:09:30 IST" skipped="0">
  <testcase classname="com.test.MultiFiles" name="SelectDropDown1" time="1.445"/>
  <testcase classname="com.test.MultiFiles" name="AdvanceDropDown" time="4.827"/>
</testsuite> <!-- com.test.MultiFiles -->
