<?xml version="1.0" encoding="UTF-8"?>
<!-- Generated by org.testng.reporters.JUnitReportReporter -->
<testsuite hostname="AliAzferFamily" failures="0" tests="2" name="com.test.MultiTest" time="6.402" errors="0" timestamp="2025-08-11T11:09:30 IST" skipped="0">
  <testcase classname="com.test.MultiTest" name="SelectDropDown" time="1.557"/>
  <testcase classname="com.test.MultiTest" name="AdvanceDropDown" time="4.845"/>
</testsuite> <!-- com.test.MultiTest -->
