<?xml version="1.0" encoding="UTF-8"?>
<!-- Generated by org.testng.reporters.JUnitReportReporter -->
<testsuite hostname="AliAzferFamily" failures="0" tests="2" name="com.test.MultiFiles" time="4.188" errors="0" timestamp="2025-08-04T21:52:59 IST" skipped="0">
  <testcase classname="com.test.MultiFiles" name="SelectDropDown1" time="0.546"/>
  <testcase classname="com.test.MultiFiles" name="AdvanceDropDown" time="3.642"/>
</testsuite> <!-- com.test.MultiFiles -->
