<?xml version="1.0" encoding="UTF-8"?>
<!-- Generated by org.testng.reporters.JUnitReportReporter -->
<testsuite hostname="AliAzferFamily" failures="0" tests="2" name="com.test.MultiTest" time="3.938" errors="0" timestamp="2025-08-04T21:52:59 IST" skipped="0">
  <testcase classname="com.test.MultiTest" name="SelectDropDown" time="0.880"/>
  <testcase classname="com.test.MultiTest" name="AdvanceDropDown" time="3.058"/>
</testsuite> <!-- com.test.MultiTest -->
