<?xml version="1.0" encoding="UTF-8"?>
<!-- Generated by org.testng.reporters.JUnitReportReporter -->
<testsuite hostname="AliAzferFamily" failures="0" tests="2" name="com.test.SelectDropDown" time="30.537" errors="0" timestamp="2025-07-29T22:31:59 IST" skipped="0">
  <testcase classname="com.test.SelectDropDown" name="SelectDropDown1" time="14.592"/>
  <testcase classname="com.test.SelectDropDown" name="AdvanceDropDown" time="15.945"/>
</testsuite> <!-- com.test.SelectDropDown -->
